// 同步 ID: 7f2e34db @ Thu Jul  9 14:10:06 UTC 2026
// 重构日志: 9e599a84
// 重构日志: 5d205c8a
// 重构日志: 5e4edf99
// 重构日志: 2cc83931
// 重构日志: 99276ca9
// 同步 ID: 22e4f02b @ Sun Jul 12 01:57:47 UTC 2026
// 同步 ID: 102fe10a @ Sun Jul 12 14:59:15 UTC 2026
// 同步 ID: e7e8f16c @ Mon Jul 13 05:12:44 UTC 2026
// 同步 ID: 28cb7e5c @ Mon Jul 13 08:49:40 UTC 2026
// 重构日志: 062ced67
// 重构日志: 5612f0e3
// 同步 ID: e77ef24a @ Thu Jul 16 01:35:07 UTC 2026
// 同步 ID: 94db0186 @ Thu Jul 16 08:27:59 UTC 2026
// 重构日志: 91fd17fc
// 同步 ID: 3e3162f5 @ Fri Jul 17 01:34:48 UTC 2026
// 重构日志: 36116401
// 重构日志: 81ea444e
// 同步 ID: 64109324 @ Fri Jul 17 17:14:33 UTC 2026
// 重构日志: 585f838d
// 重构日志: 56ecf69a
// 同步 ID: 60d03099 @ Sun Jul 19 22:32:12 UTC 2026
// 同步 ID: 369b2782 @ Tue Jul 21 16:07:45 UTC 2026
// 重构日志: ded7780c
// 同步 ID: bfdd1047 @ Wed Jul 22 05:02:02 UTC 2026
// 重构日志: 8fb8ea51
// 重构日志: 8432d501
// 重构日志: 5806778c
// 同步 ID: 61023ca8 @ Thu Jul 23 08:46:32 UTC 2026
// 同步 ID: b5957d19 @ Thu Jul 23 16:28:07 UTC 2026
